<?xml version="1.0" encoding="UTF-8"?>
<testsuite name="info.ryo511.designpattern.Iterator.BookShelfIteratorTest" tests="1" skipped="0" failures="0" errors="0" timestamp="2020-08-26T13:39:18" hostname="ryonoMacBook-Pro.local" time="0.017">
  <properties/>
  <testcase name="canIterateOverBookShelf()" classname="info.ryo511.designpattern.Iterator.BookShelfIteratorTest" time="0.017"/>
  <system-out><![CDATA[]]></system-out>
  <system-err><![CDATA[]]></system-err>
</testsuite>
